<?xml version="1.0" encoding="UTF-8"?>
<!-- Generated by org.testng.reporters.JUnitReportReporter -->
<testsuite hostname="DESKTOP-B62J4U0" failures="0" tests="1" name="com.PS.tests.Sign_Up" time="40.400" errors="0" timestamp="20 Nov 2019 07:31:38 GMT" skipped="0">
  <testcase classname="com.PS.tests.Sign_Up" name="Signup" time="40.400"/>
</testsuite> <!-- com.PS.tests.Sign_Up -->
