<?xml version="1.0" encoding="UTF-8"?>
<!-- Generated by org.testng.reporters.JUnitReportReporter -->
<testsuite skipped="0" hostname="DESKTOP-J1AHFHL" name="com.PS.tests.NcustomerDetails" tests="1" failures="0" timestamp="2020-01-27T18:57:42 IST" time="35.300" errors="0">
  <testcase name="CreateCustomer" time="35.300" classname="com.PS.tests.NcustomerDetails"/>
</testsuite> <!-- com.PS.tests.NcustomerDetails -->
