<?xml version="1.0" encoding="UTF-8"?>
<!-- Generated by org.testng.reporters.JUnitReportReporter -->
<testsuite skipped="1" hostname="DESKTOP-J1AHFHL" name="com.PS.tests.NcustomerDetails" tests="2" failures="0" timestamp="2020-01-28T19:59:11 IST" time="41.262" errors="0">
  <testcase name="UploadCustomer" time="41.262" classname="com.PS.tests.NcustomerDetails"/>
  <testcase name="CreateCustomer" classname="com.PS.tests.NcustomerDetails">
    <skipped/>
  </testcase> <!-- CreateCustomer -->
</testsuite> <!-- com.PS.tests.NcustomerDetails -->
