<?xml version="1.0" encoding="UTF-8"?>
<!-- Generated by org.testng.reporters.JUnitReportReporter -->
<testsuite skipped="4" hostname="DESKTOP-J1AHFHL" name="com.PS.tests.NcustomerDetails" tests="5" failures="0" timestamp="2020-01-29T13:18:08 IST" time="32.750" errors="0">
  <testcase name="customerUpdate" time="32.750" classname="com.PS.tests.NcustomerDetails"/>
  <testcase name="createSalesInvoice" classname="com.PS.tests.NcustomerDetails">
    <skipped/>
  </testcase> <!-- createSalesInvoice -->
  <testcase name="CreateCustomer" classname="com.PS.tests.NcustomerDetails">
    <skipped/>
  </testcase> <!-- CreateCustomer -->
  <testcase name="customerSearch" classname="com.PS.tests.NcustomerDetails">
    <skipped/>
  </testcase> <!-- customerSearch -->
  <testcase name="UploadCustomer" classname="com.PS.tests.NcustomerDetails">
    <skipped/>
  </testcase> <!-- UploadCustomer -->
</testsuite> <!-- com.PS.tests.NcustomerDetails -->
